<?xml version="1.0" encoding="UTF-8" standalone="no"?>
<!DOCTYPE html PUBLIC "-//W3C//DTD XHTML 1.0 Transitional//EN" "http://www.w3.org/TR/xhtml1/DTD/xhtml1-transitional.dtd"><html xmlns="http://www.w3.org/1999/xhtml"><head><meta http-equiv="Content-Type" content="text/html; charset=UTF-8" /><title>31.2. 什么时候会用JIT？</title><link rel="stylesheet" type="text/css" href="stylesheet.css" /><link rev="made" href="pgsql-docs@lists.postgresql.org" /><meta name="generator" content="DocBook XSL Stylesheets V1.79.1" /><link rel="prev" href="jit-reason.html" title="31.1. 什么是JIT编译？" /><link rel="next" href="jit-configuration.html" title="31.3. 配置" /></head><body><div xmlns="http://www.w3.org/TR/xhtml1/transitional" class="navheader"><table width="100%" summary="Navigation header"><tr><th colspan="5" align="center">31.2. 什么时候会用<acronym xmlns="http://www.w3.org/1999/xhtml" class="acronym">JIT</acronym>？</th></tr><tr><td width="10%" align="left"><a accesskey="p" href="jit-reason.html" title="31.1. 什么是JIT编译？">上一页</a> </td><td width="10%" align="left"><a accesskey="u" href="jit.html" title="第 31 章 即时编译（JIT）">上一级</a></td><th width="60%" align="center">第 31 章 即时编译（<acronym xmlns="http://www.w3.org/1999/xhtml" class="acronym">JIT</acronym>）</th><td width="10%" align="right"><a accesskey="h" href="index.html" title="PostgreSQL 12.2 手册">起始页</a></td><td width="10%" align="right"> <a accesskey="n" href="jit-configuration.html" title="31.3. 配置">下一页</a></td></tr></table><hr></hr></div><div class="sect1" id="JIT-DECISION"><div class="titlepage"><div><div><h2 class="title" style="clear: both">31.2. 什么时候会用<acronym class="acronym">JIT</acronym>？</h2></div></div></div><p>
   <acronym class="acronym">JIT</acronym>编译主要可以让长时间运行的CPU密集型的查询受益。对于短查询，执行<acronym class="acronym">JIT</acronym>编译增加的开销常常比它节省的时间还要多。
  </p><p>
   为了判断是否应该使用<acronym class="acronym">JIT</acronym>编译，会用到一个查询的总的估计代价（见<a class="xref" href="planner-stats-details.html" title="第 70 章 规划器如何使用统计信息">第 70 章</a>和<a class="xref" href="runtime-config-query.html#RUNTIME-CONFIG-QUERY-CONSTANTS" title="19.7.2. 规划器代价常量">第 19.7.2 节</a>）。查询的估计代价将与<a class="xref" href="runtime-config-query.html#GUC-JIT-ABOVE-COST">jit_above_cost</a>的设置进行比较。如果代价更高，<acronym class="acronym">JIT</acronym>编译将被执行。然后需要两个进一步的决定。首先，如果估计代价超过<a class="xref" href="runtime-config-query.html#GUC-JIT-INLINE-ABOVE-COST">jit_inline_above_cost</a>的设置，该查询中使用的短函数和操作符都将被内联。其次，如果估计代价超过<a class="xref" href="runtime-config-query.html#GUC-JIT-OPTIMIZE-ABOVE-COST">jit_optimize_above_cost</a>的设置，会应用昂贵的优化来改进产生的代码。这些选项中的每一种都会增加<acronym class="acronym">JIT</acronym>编译的开销，但是可以可观地降低查询执行时间。
  </p><p>
   这些基于代价的决定将在规划时做出，而不是在执行时做出。这意味着，在使用预备语句并且使用了一个一般性的计划时（见<a class="xref" href="sql-prepare.html" title="PREPARE"><span class="refentrytitle">PREPARE</span></a>），配置参数的值实际上是在预备时控制这些决定，而不是由执行时的设置来决定。
  </p><div class="note"><h3 class="title">注意</h3><p>
    如果<a class="xref" href="runtime-config-query.html#GUC-JIT">jit</a>被设置为<code class="literal">off</code>或者没有<acronym class="acronym">JIT</acronym>实现可用（例如因为服务器没有用<code class="literal">--with-llvm</code>编译），即便基于上述原则能带来很大的好处，<acronym class="acronym">JIT</acronym>也不会被执行。把<a class="xref" href="runtime-config-query.html#GUC-JIT">jit</a>设置成<code class="literal">off</code>对规划时和执行时都有影响。
   </p></div><p>
   <a class="xref" href="sql-explain.html" title="EXPLAIN"><span class="refentrytitle">EXPLAIN</span></a>可以被用来看看是否使用了<acronym class="acronym">JIT</acronym>。例如，这是一个没有使用<acronym class="acronym">JIT</acronym>的查询：
</p><pre class="screen">
=# EXPLAIN ANALYZE SELECT SUM(relpages) FROM pg_class;
                                                 QUERY PLAN
-------------------------------------------------------------------------------------------------------------
 Aggregate  (cost=16.27..16.29 rows=1 width=8) (actual time=0.303..0.303 rows=1 loops=1)
   -&gt;  Seq Scan on pg_class  (cost=0.00..15.42 rows=342 width=4) (actual time=0.017..0.111 rows=356 loops=1)
 Planning Time: 0.116 ms
 Execution Time: 0.365 ms
(4 rows)
</pre><p>
   看看给出的计划代价，不使用<acronym class="acronym">JIT</acronym>是非常合理的，<acronym class="acronym">JIT</acronym>的代价会比可能得到的节省更高。调整代价限制会导致用到<acronym class="acronym">JIT</acronym>：
</p><pre class="screen">
=# SET jit_above_cost = 10;
SET
=# EXPLAIN ANALYZE SELECT SUM(relpages) FROM pg_class;
                                                 QUERY PLAN
-------------------------------------------------------------------------------------------------------------
 Aggregate  (cost=16.27..16.29 rows=1 width=8) (actual time=6.049..6.049 rows=1 loops=1)
   -&gt;  Seq Scan on pg_class  (cost=0.00..15.42 rows=342 width=4) (actual time=0.019..0.052 rows=356 loops=1)
 Planning Time: 0.133 ms
 JIT:
   Functions: 3
   Options: Inlining false, Optimization false, Expressions true, Deforming true
   Timing: Generation 1.259 ms, Inlining 0.000 ms, Optimization 0.797 ms, Emission 5.048 ms, Total 7.104 ms
 Execution Time: 7.416 ms
</pre><p>
   如这里所看到的，<acronym class="acronym">JIT</acronym>被用到了，但是内联和昂贵的优化没有被用到。如果<a class="xref" href="runtime-config-query.html#GUC-JIT-INLINE-ABOVE-COST">jit_inline_above_cost</a>或者<a class="xref" href="runtime-config-query.html#GUC-JIT-OPTIMIZE-ABOVE-COST">jit_optimize_above_cost</a>也被降低，这种情况会被改变。
  </p></div><div class="navfooter"><hr /><table width="100%" summary="Navigation footer"><tr><td width="40%" align="left"><a accesskey="p" href="jit-reason.html">上一页</a> </td><td width="20%" align="center"><a accesskey="u" href="jit.html">上一级</a></td><td width="40%" align="right"> <a accesskey="n" href="jit-configuration.html">下一页</a></td></tr><tr><td width="40%" align="left" valign="top">31.1. 什么是<acronym class="acronym">JIT</acronym>编译？ </td><td width="20%" align="center"><a accesskey="h" href="index.html">起始页</a></td><td width="40%" align="right" valign="top"> 31.3. 配置</td></tr></table></div></body></html>